0 info it worked if it ends with ok
1 verbose cli [ '/usr/local/Cellar/node4-lts/4.4.7/bin/node',
1 verbose cli   '/usr/local/bin/npm',
1 verbose cli   'run-script',
1 verbose cli   'pretest' ]
2 info using npm@2.15.8
3 info using node@v4.4.7
4 verbose run-script [ 'pretest' ]
5 info pretest broccoli-typify@0.0.13
6 verbose unsafe-perm in lifecycle true
7 info broccoli-typify@0.0.13 Failed to exec pretest script
8 verbose stack Error: broccoli-typify@0.0.13 pretest: `tsc`
8 verbose stack Exit status 1
8 verbose stack     at EventEmitter.<anonymous> (/usr/local/lib/node_modules/npm/lib/utils/lifecycle.js:217:16)
8 verbose stack     at emitTwo (events.js:87:13)
8 verbose stack     at EventEmitter.emit (events.js:172:7)
8 verbose stack     at ChildProcess.<anonymous> (/usr/local/lib/node_modules/npm/lib/utils/spawn.js:24:14)
8 verbose stack     at emitTwo (events.js:87:13)
8 verbose stack     at ChildProcess.emit (events.js:172:7)
8 verbose stack     at maybeClose (internal/child_process.js:827:16)
8 verbose stack     at Process.ChildProcess._handle.onexit (internal/child_process.js:211:5)
9 verbose pkgid broccoli-typify@0.0.13
10 verbose cwd /Users/mseritan/clarity/broccoli-typify
11 error Darwin 15.5.0
12 error argv "/usr/local/Cellar/node4-lts/4.4.7/bin/node" "/usr/local/bin/npm" "run-script" "pretest"
13 error node v4.4.7
14 error npm  v2.15.8
15 error code ELIFECYCLE
16 error broccoli-typify@0.0.13 pretest: `tsc`
16 error Exit status 1
17 error Failed at the broccoli-typify@0.0.13 pretest script 'tsc'.
17 error This is most likely a problem with the broccoli-typify package,
17 error not with npm itself.
17 error Tell the author that this fails on your system:
17 error     tsc
17 error You can get information on how to open an issue for this project with:
17 error     npm bugs broccoli-typify
17 error Or if that isn't available, you can get their info via:
17 error
17 error     npm owner ls broccoli-typify
17 error There is likely additional logging output above.
18 verbose exit [ 1, true ]
